Copyright 1986-2022 Xilinx, Inc. All Rights Reserved. Copyright 2022-2024 Advanced Micro Devices, Inc. All Rights Reserved.
---------------------------------------------------------------------------------------------------------------------------------------------------------------------------------------------------------------------------------
| Tool Version : Vivado v.2024.1 (lin64) Build 5076996 Wed May 22 18:36:09 MDT 2024
| Date         : Thu Sep  5 21:54:06 2024
| Host         : pop-os running 64-bit Pop!_OS 22.04 LTS
| Command      : report_timing_summary -max_paths 10 -report_unconstrained -file fourBitAdder_timing_summary_routed.rpt -pb fourBitAdder_timing_summary_routed.pb -rpx fourBitAdder_timing_summary_routed.rpx -warn_on_violation
| Design       : fourBitAdder
| Device       : 7k70t-fbv676
| Speed File   : -1  PRODUCTION 1.12 2017-02-17
| Design State : Routed
---------------------------------------------------------------------------------------------------------------------------------------------------------------------------------------------------------------------------------

Timing Summary Report

------------------------------------------------------------------------------------------------
| Timer Settings
| --------------
------------------------------------------------------------------------------------------------

  Enable Multi Corner Analysis               :  Yes
  Enable Pessimism Removal                   :  Yes
  Pessimism Removal Resolution               :  Nearest Common Node
  Enable Input Delay Default Clock           :  No
  Enable Preset / Clear Arcs                 :  No
  Disable Flight Delays                      :  No
  Ignore I/O Paths                           :  No
  Timing Early Launch at Borrowing Latches   :  No
  Borrow Time for Max Delay Exceptions       :  Yes
  Merge Timing Exceptions                    :  Yes
  Inter-SLR Compensation                     :  Conservative

  Corner  Analyze    Analyze    
  Name    Max Paths  Min Paths  
  ------  ---------  ---------  
  Slow    Yes        Yes        
  Fast    Yes        Yes        


------------------------------------------------------------------------------------------------
| Report Methodology
| ------------------
------------------------------------------------------------------------------------------------

No report available as report_methodology has not been run prior. Run report_methodology on the current design for the summary of methodology violations.



check_timing report

Table of Contents
-----------------
1. checking no_clock (0)
2. checking constant_clock (0)
3. checking pulse_width_clock (0)
4. checking unconstrained_internal_endpoints (0)
5. checking no_input_delay (0)
6. checking no_output_delay (0)
7. checking multiple_clock (0)
8. checking generated_clocks (0)
9. checking loops (0)
10. checking partial_input_delay (0)
11. checking partial_output_delay (0)
12. checking latch_loops (0)

1. checking no_clock (0)
------------------------
 There are 0 register/latch pins with no clock.


2. checking constant_clock (0)
------------------------------
 There are 0 register/latch pins with constant_clock.


3. checking pulse_width_clock (0)
---------------------------------
 There are 0 register/latch pins which need pulse_width check


4. checking unconstrained_internal_endpoints (0)
------------------------------------------------
 There are 0 pins that are not constrained for maximum delay.

 There are 0 pins that are not constrained for maximum delay due to constant clock.


5. checking no_input_delay (0)
------------------------------
 There are 0 input ports with no input delay specified.

 There are 0 input ports with no input delay but user has a false path constraint.


6. checking no_output_delay (0)
-------------------------------
 There are 0 ports with no output delay specified.

 There are 0 ports with no output delay but user has a false path constraint

 There are 0 ports with no output delay but with a timing clock defined on it or propagating through it


7. checking multiple_clock (0)
------------------------------
 There are 0 register/latch pins with multiple clocks.


8. checking generated_clocks (0)
--------------------------------
 There are 0 generated clocks that are not connected to a clock source.


9. checking loops (0)
---------------------
 There are 0 combinational loops in the design.


10. checking partial_input_delay (0)
------------------------------------
 There are 0 input ports with partial input delay specified.


11. checking partial_output_delay (0)
-------------------------------------
 There are 0 ports with partial output delay specified.


12. checking latch_loops (0)
----------------------------
 There are 0 combinational latch loops in the design through latch input



------------------------------------------------------------------------------------------------
| Design Timing Summary
| ---------------------
------------------------------------------------------------------------------------------------

    WNS(ns)      TNS(ns)  TNS Failing Endpoints  TNS Total Endpoints      WHS(ns)      THS(ns)  THS Failing Endpoints  THS Total Endpoints     WPWS(ns)     TPWS(ns)  TPWS Failing Endpoints  TPWS Total Endpoints  
    -------      -------  ---------------------  -------------------      -------      -------  ---------------------  -------------------     --------     --------  ----------------------  --------------------  
        inf        0.000                      0                    4          inf        0.000                      0                    4           NA           NA                      NA                    NA  


There are no user specified timing constraints.


------------------------------------------------------------------------------------------------
| Clock Summary
| -------------
------------------------------------------------------------------------------------------------


------------------------------------------------------------------------------------------------
| Intra Clock Table
| -----------------
------------------------------------------------------------------------------------------------

Clock             WNS(ns)      TNS(ns)  TNS Failing Endpoints  TNS Total Endpoints      WHS(ns)      THS(ns)  THS Failing Endpoints  THS Total Endpoints     WPWS(ns)     TPWS(ns)  TPWS Failing Endpoints  TPWS Total Endpoints  
-----             -------      -------  ---------------------  -------------------      -------      -------  ---------------------  -------------------     --------     --------  ----------------------  --------------------  


------------------------------------------------------------------------------------------------
| Inter Clock Table
| -----------------
------------------------------------------------------------------------------------------------

From Clock    To Clock          WNS(ns)      TNS(ns)  TNS Failing Endpoints  TNS Total Endpoints      WHS(ns)      THS(ns)  THS Failing Endpoints  THS Total Endpoints  
----------    --------          -------      -------  ---------------------  -------------------      -------      -------  ---------------------  -------------------  


------------------------------------------------------------------------------------------------
| Other Path Groups Table
| -----------------------
------------------------------------------------------------------------------------------------

Path Group    From Clock    To Clock          WNS(ns)      TNS(ns)  TNS Failing Endpoints  TNS Total Endpoints      WHS(ns)      THS(ns)  THS Failing Endpoints  THS Total Endpoints  
----------    ----------    --------          -------      -------  ---------------------  -------------------      -------      -------  ---------------------  -------------------  


------------------------------------------------------------------------------------------------
| User Ignored Path Table
| -----------------------
------------------------------------------------------------------------------------------------

Path Group    From Clock    To Clock    
----------    ----------    --------    


------------------------------------------------------------------------------------------------
| Unconstrained Path Table
| ------------------------
------------------------------------------------------------------------------------------------

Path Group    From Clock    To Clock    
----------    ----------    --------    
(none)                                    


------------------------------------------------------------------------------------------------
| Timing Details
| --------------
------------------------------------------------------------------------------------------------


--------------------------------------------------------------------------------------
Path Group:  (none)
From Clock:  
  To Clock:  

Max Delay             4 Endpoints
Min Delay             4 Endpoints
--------------------------------------------------------------------------------------


Max Delay Paths
--------------------------------------------------------------------------------------
Slack:                    inf
  Source:                 A[0]
                            (input port)
  Destination:            out[3]
                            (output port)
  Path Group:             (none)
  Path Type:              Max at Slow Process Corner
  Data Path Delay:        6.324ns  (logic 3.349ns (52.953%)  route 2.975ns (47.047%))
  Logic Levels:           4  (IBUF=1 LUT4=1 LUT5=1 OBUF=1)

    Location             Delay type                Incr(ns)  Path(ns)    Netlist Resource(s)
  -------------------------------------------------------------------    -------------------
    U16                                               0.000     0.000 r  A[0] (IN)
                         net (fo=0)                   0.000     0.000    A[0]
    U16                  IBUF (Prop_ibuf_I_O)         0.802     0.802 r  A_IBUF[0]_inst/O
                         net (fo=4, routed)           1.127     1.929    A_IBUF[0]
    SLICE_X0Y5           LUT4 (Prop_lut4_I0_O)        0.053     1.982 r  out_OBUF[3]_inst_i_2/O
                         net (fo=1, routed)           0.459     2.440    carry2
    SLICE_X0Y5           LUT5 (Prop_lut5_I4_O)        0.053     2.493 r  out_OBUF[3]_inst_i_1/O
                         net (fo=1, routed)           1.389     3.883    out_OBUF[3]
    T19                  OBUF (Prop_obuf_I_O)         2.441     6.324 r  out_OBUF[3]_inst/O
                         net (fo=0)                   0.000     6.324    out[3]
    T19                                                               r  out[3] (OUT)
  -------------------------------------------------------------------    -------------------

Slack:                    inf
  Source:                 A[0]
                            (input port)
  Destination:            out[1]
                            (output port)
  Path Group:             (none)
  Path Type:              Max at Slow Process Corner
  Data Path Delay:        5.969ns  (logic 3.426ns (57.397%)  route 2.543ns (42.603%))
  Logic Levels:           3  (IBUF=1 LUT4=1 OBUF=1)

    Location             Delay type                Incr(ns)  Path(ns)    Netlist Resource(s)
  -------------------------------------------------------------------    -------------------
    U16                                               0.000     0.000 r  A[0] (IN)
                         net (fo=0)                   0.000     0.000    A[0]
    U16                  IBUF (Prop_ibuf_I_O)         0.802     0.802 r  A_IBUF[0]_inst/O
                         net (fo=4, routed)           1.127     1.929    A_IBUF[0]
    SLICE_X0Y5           LUT4 (Prop_lut4_I3_O)        0.063     1.992 r  out_OBUF[1]_inst_i_1/O
                         net (fo=1, routed)           1.416     3.408    out_OBUF[1]
    N17                  OBUF (Prop_obuf_I_O)         2.561     5.969 r  out_OBUF[1]_inst/O
                         net (fo=0)                   0.000     5.969    out[1]
    N17                                                               r  out[1] (OUT)
  -------------------------------------------------------------------    -------------------

Slack:                    inf
  Source:                 A[1]
                            (input port)
  Destination:            out[2]
                            (output port)
  Path Group:             (none)
  Path Type:              Max at Slow Process Corner
  Data Path Delay:        5.790ns  (logic 3.298ns (56.958%)  route 2.492ns (43.042%))
  Logic Levels:           3  (IBUF=1 LUT6=1 OBUF=1)

    Location             Delay type                Incr(ns)  Path(ns)    Netlist Resource(s)
  -------------------------------------------------------------------    -------------------
    P18                                               0.000     0.000 r  A[1] (IN)
                         net (fo=0)                   0.000     0.000    A[1]
    P18                  IBUF (Prop_ibuf_I_O)         0.819     0.819 r  A_IBUF[1]_inst/O
                         net (fo=3, routed)           1.199     2.018    A_IBUF[1]
    SLICE_X0Y5           LUT6 (Prop_lut6_I2_O)        0.053     2.071 r  out_OBUF[2]_inst_i_1/O
                         net (fo=1, routed)           1.293     3.364    out_OBUF[2]
    P16                  OBUF (Prop_obuf_I_O)         2.426     5.790 r  out_OBUF[2]_inst/O
                         net (fo=0)                   0.000     5.790    out[2]
    P16                                                               r  out[2] (OUT)
  -------------------------------------------------------------------    -------------------

Slack:                    inf
  Source:                 B[0]
                            (input port)
  Destination:            out[0]
                            (output port)
  Path Group:             (none)
  Path Type:              Max at Slow Process Corner
  Data Path Delay:        5.743ns  (logic 3.282ns (57.156%)  route 2.461ns (42.844%))
  Logic Levels:           3  (IBUF=1 LUT2=1 OBUF=1)

    Location             Delay type                Incr(ns)  Path(ns)    Netlist Resource(s)
  -------------------------------------------------------------------    -------------------
    U17                                               0.000     0.000 r  B[0] (IN)
                         net (fo=0)                   0.000     0.000    B[0]
    U17                  IBUF (Prop_ibuf_I_O)         0.785     0.785 r  B_IBUF[0]_inst/O
                         net (fo=4, routed)           1.068     1.853    B_IBUF[0]
    SLICE_X0Y5           LUT2 (Prop_lut2_I0_O)        0.053     1.906 r  out_OBUF[0]_inst_i_1/O
                         net (fo=1, routed)           1.393     3.299    out_OBUF[0]
    R16                  OBUF (Prop_obuf_I_O)         2.444     5.743 r  out_OBUF[0]_inst/O
                         net (fo=0)                   0.000     5.743    out[0]
    R16                                                               r  out[0] (OUT)
  -------------------------------------------------------------------    -------------------





Min Delay Paths
--------------------------------------------------------------------------------------
Slack:                    inf
  Source:                 B[0]
                            (input port)
  Destination:            out[2]
                            (output port)
  Path Group:             (none)
  Path Type:              Min at Fast Process Corner
  Data Path Delay:        2.033ns  (logic 1.334ns (65.580%)  route 0.700ns (34.420%))
  Logic Levels:           3  (IBUF=1 LUT6=1 OBUF=1)

    Location             Delay type                Incr(ns)  Path(ns)    Netlist Resource(s)
  -------------------------------------------------------------------    -------------------
    U17                                               0.000     0.000 r  B[0] (IN)
                         net (fo=0)                   0.000     0.000    B[0]
    U17                  IBUF (Prop_ibuf_I_O)         0.050     0.050 r  B_IBUF[0]_inst/O
                         net (fo=4, routed)           0.360     0.410    B_IBUF[0]
    SLICE_X0Y5           LUT6 (Prop_lut6_I4_O)        0.028     0.438 r  out_OBUF[2]_inst_i_1/O
                         net (fo=1, routed)           0.340     0.778    out_OBUF[2]
    P16                  OBUF (Prop_obuf_I_O)         1.256     2.033 r  out_OBUF[2]_inst/O
                         net (fo=0)                   0.000     2.033    out[2]
    P16                                                               r  out[2] (OUT)
  -------------------------------------------------------------------    -------------------

Slack:                    inf
  Source:                 B[3]
                            (input port)
  Destination:            out[3]
                            (output port)
  Path Group:             (none)
  Path Type:              Min at Fast Process Corner
  Data Path Delay:        2.097ns  (logic 1.371ns (65.408%)  route 0.725ns (34.592%))
  Logic Levels:           3  (IBUF=1 LUT5=1 OBUF=1)

    Location             Delay type                Incr(ns)  Path(ns)    Netlist Resource(s)
  -------------------------------------------------------------------    -------------------
    R17                                               0.000     0.000 r  B[3] (IN)
                         net (fo=0)                   0.000     0.000    B[3]
    R17                  IBUF (Prop_ibuf_I_O)         0.073     0.073 r  B_IBUF[3]_inst/O
                         net (fo=1, routed)           0.343     0.416    B_IBUF[3]
    SLICE_X0Y5           LUT5 (Prop_lut5_I1_O)        0.028     0.444 r  out_OBUF[3]_inst_i_1/O
                         net (fo=1, routed)           0.382     0.826    out_OBUF[3]
    T19                  OBUF (Prop_obuf_I_O)         1.270     2.097 r  out_OBUF[3]_inst/O
                         net (fo=0)                   0.000     2.097    out[3]
    T19                                                               r  out[3] (OUT)
  -------------------------------------------------------------------    -------------------

Slack:                    inf
  Source:                 B[1]
                            (input port)
  Destination:            out[1]
                            (output port)
  Path Group:             (none)
  Path Type:              Min at Fast Process Corner
  Data Path Delay:        2.136ns  (logic 1.438ns (67.309%)  route 0.698ns (32.691%))
  Logic Levels:           3  (IBUF=1 LUT4=1 OBUF=1)

    Location             Delay type                Incr(ns)  Path(ns)    Netlist Resource(s)
  -------------------------------------------------------------------    -------------------
    M19                                               0.000     0.000 r  B[1] (IN)
                         net (fo=0)                   0.000     0.000    B[1]
    M19                  IBUF (Prop_ibuf_I_O)         0.093     0.093 r  B_IBUF[1]_inst/O
                         net (fo=3, routed)           0.309     0.402    B_IBUF[1]
    SLICE_X0Y5           LUT4 (Prop_lut4_I1_O)        0.030     0.432 r  out_OBUF[1]_inst_i_1/O
                         net (fo=1, routed)           0.389     0.821    out_OBUF[1]
    N17                  OBUF (Prop_obuf_I_O)         1.315     2.136 r  out_OBUF[1]_inst/O
                         net (fo=0)                   0.000     2.136    out[1]
    N17                                                               r  out[1] (OUT)
  -------------------------------------------------------------------    -------------------

Slack:                    inf
  Source:                 A[0]
                            (input port)
  Destination:            out[0]
                            (output port)
  Path Group:             (none)
  Path Type:              Min at Fast Process Corner
  Data Path Delay:        2.194ns  (logic 1.367ns (62.314%)  route 0.827ns (37.686%))
  Logic Levels:           3  (IBUF=1 LUT2=1 OBUF=1)

    Location             Delay type                Incr(ns)  Path(ns)    Netlist Resource(s)
  -------------------------------------------------------------------    -------------------
    U16                                               0.000     0.000 r  A[0] (IN)
                         net (fo=0)                   0.000     0.000    A[0]
    U16                  IBUF (Prop_ibuf_I_O)         0.066     0.066 r  A_IBUF[0]_inst/O
                         net (fo=4, routed)           0.441     0.507    A_IBUF[0]
    SLICE_X0Y5           LUT2 (Prop_lut2_I1_O)        0.028     0.535 r  out_OBUF[0]_inst_i_1/O
                         net (fo=1, routed)           0.386     0.921    out_OBUF[0]
    R16                  OBUF (Prop_obuf_I_O)         1.273     2.194 r  out_OBUF[0]_inst/O
                         net (fo=0)                   0.000     2.194    out[0]
    R16                                                               r  out[0] (OUT)
  -------------------------------------------------------------------    -------------------





